<?xml version="1.0" encoding="UTF-8"?>
<!-- Generated by org.testng.reporters.JUnitReportReporter -->
<testsuite skipped="0" hostname="LIN86000513" name="test.firstclassmaven" tests="1" failures="0" timestamp="29 Mar 2020 05:00:57 GMT" time="0.013" errors="0">
  <testcase name="testing" time="0.013" classname="test.firstclassmaven"/>
</testsuite> <!-- test.firstclassmaven -->
